This is TeX, Version 3.14159 (Web2C 7.2) (format=latex 1998.10.11)  10 JUN 1999 14:56
**./images.tex
(./images.tex
LaTeX2e <1998/06/01>
Babel <v3.6j> and hyphenation patterns for american, french, german, italian, n
ohyphenation, loaded.

(/usr/share/texmf/tex/latex/base/article.cls
Document Class: article 1998/05/05 v1.3y Standard LaTeX document class
(/usr/share/texmf/tex/latex/base/size10.clo
File: size10.clo 1998/05/05 v1.3y Standard LaTeX file (size option)
)
\c@part=\count79
\c@section=\count80
\c@subsection=\count81
\c@subsubsection=\count82
\c@paragraph=\count83
\c@subparagraph=\count84
\c@figure=\count85
\c@table=\count86
\abovecaptionskip=\skip41
\belowcaptionskip=\skip42
\bibindent=\dimen102
) (/homes/dr10009/tex/inputs/a4wide.sty
Package: a4wide 1994/08/30
(/usr/share/texmf/tex/latex/ntgclass/a4.sty
Package: a4 1995/09/25 v1.2e A4 based page layout
)) (/usr/share/texmf/tex/latex/misc/url.sty
Package: url 1996/10/19  ver 1.2  Verb mode for urls, email addresses, and file
 names
) (/usr/share/texmf/tex/latex/graphics/epsfig.sty
Package: epsfig 1996/10/04 v1.7 (e)psfig emulation (SPQR)
(/usr/share/texmf/tex/latex/graphics/graphicx.sty
Package: graphicx 1997/06/09 v1.0d Enhanced LaTeX Graphics (DPC,SPQR)
(/usr/share/texmf/tex/latex/graphics/keyval.sty
Package: keyval 1998/06/05 v1.11 key=value parser (DPC)
\KV@toks@=\toks14
) (/usr/share/texmf/tex/latex/graphics/graphics.sty
Package: graphics 1998/05/27 v1.0h Standard LaTeX Graphics (DPC,SPQR)
(/usr/share/texmf/tex/latex/graphics/trig.sty
Package: trig 1994/10/16 v1.08 sin cos tan (DPC)
) (/usr/share/texmf/tex/latex/config/graphics.cfg)
Package graphics Info: Driver file: dvips.def on input line 85.
(/usr/share/texmf/tex/latex/graphics/dvips.def
File: dvips.def 1998/05/03 v3.0f Driver-dependant file (DPC,SPQR)
))
\Gin@req@height=\dimen103
\Gin@req@width=\dimen104
)
\epsfxsize=\dimen105
\epsfysize=\dimen106
) (/homes/dr10009/tex/inputs/html.sty
Package: html 1996/02/01 v1.0 hypertext commands for latex2html (nd, hs)
\c@lpart=\count87
\c@lchapter=\count88
\c@lsection=\count89
\c@lsubsection=\count90
\c@lsubsubsection=\count91
\c@lparagraph=\count92
\c@lsubparagraph=\count93
\c@lsubsubparagraph=\count94
\c@lequation=\count95
)
! Undefined control sequence.
l.15 \rcsid
            $Id: release-notes.tex 1.3 Fri, 14 May 1999 16:18:30 +0100 dr100...
The control sequence at the end of the top line
of your error message was never \def'ed. If you have
misspelled it (e.g., `\hobx'), type `I' and the correct
spelling (e.g., `I\hbox'). Otherwise just continue,
and I'll forget about whatever was undefined.


! LaTeX Error: Missing \begin{document}.

See the LaTeX manual or LaTeX Companion for explanation.
Type  H <return>  for immediate help.
 ...                                              
                                                  
l.15 \rcsid $
             Id: release-notes.tex 1.3 Fri, 14 May 1999 16:18:30 +0100 dr100...

You're in trouble here.  Try typing  <return>  to proceed.
If that doesn't work, type  X <return>  to quit.

LaTeX Font Info:    External font `cmex10' loaded for size
(Font)              <7> on input line 15.
LaTeX Font Info:    External font `cmex10' loaded for size
(Font)              <5> on input line 15.
(/usr/share/texmf/tex/latex/graphics/color.sty
Package: color 1998/05/27 v1.0g Standard LaTeX Color (DPC)
(/usr/share/texmf/tex/latex/config/color.cfg)
Package color Info: Driver file: dvips.def on input line 130.
(/usr/share/texmf/tex/latex/graphics/dvipsnam.def
File: dvipsnam.def 1998/05/03 v3.0f Driver-dependant file (DPC,SPQR)
))
\sizebox=\box26
\lthtmlwrite=\write3
No file images.aux.
\openout1 = `images.aux'.

LaTeX Font Info:    Checking defaults for OML/cmm/m/it on input line 102.
LaTeX Font Info:    ... okay on input line 102.
LaTeX Font Info:    Checking defaults for T1/cmr/m/n on input line 102.
LaTeX Font Info:    ... okay on input line 102.
LaTeX Font Info:    Checking defaults for OT1/cmr/m/n on input line 102.
LaTeX Font Info:    ... okay on input line 102.
LaTeX Font Info:    Checking defaults for OMS/cmsy/m/n on input line 102.
LaTeX Font Info:    ... okay on input line 102.
LaTeX Font Info:    Checking defaults for OMX/cmex/m/n on input line 102.
LaTeX Font Info:    ... okay on input line 102.
LaTeX Font Info:    Checking defaults for U/cmr/m/n on input line 102.
LaTeX Font Info:    ... okay on input line 102.
latex2htmlLength hsize=349.0pt
latex2htmlLength vsize=713.0pt
latex2htmlLength hoffset=0.0pt
latex2htmlLength voffset=0.0pt
latex2htmlLength topmargin=0.0pt
latex2htmlLength topskip=0.00003pt
latex2htmlLength headheight=0.0pt
latex2htmlLength headsep=0.0pt
latex2htmlLength parskip=0.0pt plus 1.0pt
latex2htmlLength oddsidemargin=18.06749pt
latex2htmlLength evensidemargin=18.06749pt
[1

]
l2hSize :tex2html_wrap_inline83:6.45831pt::0.0pt::5.00002pt.
[2

] (images.aux) ) 
Here is how much of TeX's memory you used:
 895 strings out of 10906
 10827 string characters out of 71921
 54613 words of memory out of 263001
 3861 multiletter control sequences out of 10000+0
 3640 words of font info for 14 fonts, out of 200000 for 1000
 15 hyphenation exceptions out of 1000
 32i,5n,21p,217b,205s stack positions out of 300i,100n,500p,30000b,4000s

Output written on images.dvi (2 pages, 720 bytes).
